<?xml version="1.0" encoding="UTF-8"?>
<!-- Generated by org.testng.reporters.JUnitReportReporter -->
<testsuite hostname="DESKTOP-HPPTVTS" failures="0" tests="1" name="com.example.tests.SampleTest" time="1.089" errors="0" timestamp="2025-08-11T00:02:43 GMT+07:00" skipped="0">
  <testcase classname="com.example.tests.SampleTest" name="testSearch" time="1.089"/>
</testsuite> <!-- com.example.tests.SampleTest -->
